2023-10-23 09:26:55.244 [warning] /home/vscode/.ssh/config: ENOENT: no such file or directory, open '/home/vscode/.ssh/config'
2023-10-23 09:26:59.900 [info] Looking for git repository
2023-10-23 09:26:59.901 [info] Found 0 repositories during activation
2023-10-23 09:26:59.901 [info] Git repository found, initializing review manager and pr tree view.
2023-10-23 09:26:59.907 [info] Registering git provider
2023-10-23 09:26:59.907 [info] Review> Validate state in progress
2023-10-23 09:26:59.907 [info] Review> Validating state...
2023-10-23 09:26:59.907 [info] Review> Validate state in progress
2023-10-23 09:26:59.907 [info] Review> Validating state...
2023-10-23 09:26:59.907 [info] Review> Validate state in progress
2023-10-23 09:26:59.907 [info] Review> Validating state...
2023-10-23 09:26:59.908 [warning] No remotes found. The following remotes are missing: origin, upstream
2023-10-23 09:26:59.908 [info] No GitHub remotes found for folder /home/vscode/environment
2023-10-23 09:27:00.197 [info] Found GitHub remote for folder /home/vscode/.oh-my-zsh
2023-10-23 09:27:00.198 [info] Found GitHub remote for folder /home/vscode/.nodenv
2023-10-23 09:27:01.630 [info] Repo state for file:///home/vscode/environment changed.
2023-10-23 09:27:01.630 [info] Repo file:///home/vscode/environment has already been setup.
2023-10-23 09:27:01.631 [info] Review> No matching pull request metadata found locally for current branch main
2023-10-23 09:27:01.631 [info] Review> no matching pull request metadata found for current branch main
2023-10-23 09:27:01.631 [info] Review> No matching pull request metadata found on GitHub for current branch main
2023-10-23 09:27:01.745 [info] Trying to use globalState for assignableUsers.
2023-10-23 09:27:01.800 [info] Trying to use globalState for assignableUsers.
2023-10-23 09:27:02.477 [info] GlobalState does not exist for assignableUsers.
2023-10-23 09:27:02.508 [info] GlobalState does not exist for assignableUsers.
2023-10-23 09:27:02.718 [info] Repo state for file:///home/vscode/.nodenv changed.
2023-10-23 09:27:02.719 [info] Repo file:///home/vscode/.nodenv has already been setup.
2023-10-23 09:27:02.726 [info] Review> No matching pull request metadata found locally for current branch master
2023-10-23 09:27:02.733 [info] Review> no matching pull request metadata found for current branch master
2023-10-23 09:27:02.956 [info] Repo state for file:///home/vscode/.oh-my-zsh changed.
2023-10-23 09:27:02.956 [info] Repo file:///home/vscode/.oh-my-zsh has already been setup.
2023-10-23 09:27:02.965 [info] Review> No matching pull request metadata found locally for current branch master
2023-10-23 09:27:02.965 [info] Review> no matching pull request metadata found for current branch master
2023-10-23 09:27:03.893 [info] Review> No matching pull request metadata found on GitHub for current branch master
2023-10-23 09:27:04.326 [info] Review> No matching pull request metadata found on GitHub for current branch master
