2023-10-23 09:49:12.163 [info] Reading sessions from keychain...
2023-10-23 09:49:12.163 [info] Getting sessions for all scopes...
2023-10-23 09:49:12.163 [info] Getting sessions for user:email...
2023-10-23 09:49:12.163 [info] Got stored sessions!
2023-10-23 09:49:12.163 [info] Got 6 verified sessions.
2023-10-23 09:49:12.163 [info] Got 6 sessions for ...
2023-10-23 09:49:12.163 [info] Got 1 sessions for user:email...
2023-10-23 09:49:12.404 [info] Getting sessions for all scopes...
2023-10-23 09:49:12.404 [info] Got 6 sessions for ...
2023-10-23 09:49:13.345 [info] Getting sessions for codespace,read:user,repo,user:email...
2023-10-23 09:49:13.345 [info] Got 1 sessions for codespace,read:user,repo,user:email...
2023-10-23 09:49:13.352 [info] Getting sessions for all scopes...
2023-10-23 09:49:13.352 [info] Got 6 sessions for ...
2023-10-23 09:49:13.746 [info] Getting sessions for all scopes...
2023-10-23 09:49:13.746 [info] Got 6 sessions for ...
2023-10-23 09:49:16.674 [info] Getting sessions for all scopes...
2023-10-23 09:49:16.674 [info] Got 6 sessions for ...
2023-10-23 09:49:17.247 [info] Getting sessions for all scopes...
2023-10-23 09:49:17.247 [info] Got 6 sessions for ...
2023-10-23 09:49:17.589 [info] Getting sessions for all scopes...
2023-10-23 09:49:17.590 [info] Got 6 sessions for ...
2023-10-23 09:49:17.654 [info] Getting sessions for read:user...
2023-10-23 09:49:17.654 [info] Got 1 sessions for read:user...
2023-10-23 09:49:17.874 [info] Getting sessions for user:email...
2023-10-23 09:49:17.874 [info] Getting sessions for all scopes...
2023-10-23 09:49:17.874 [info] Got 1 sessions for user:email...
2023-10-23 09:49:17.875 [info] Got 6 sessions for ...
2023-10-23 09:49:19.584 [info] Getting sessions for read:user,repo,user:email,workflow...
2023-10-23 09:49:19.584 [info] Got 1 sessions for read:user,repo,user:email,workflow...
2023-10-23 09:49:23.172 [info] Getting sessions for read:user,repo,user:email,workflow...
2023-10-23 09:49:23.173 [info] Got 1 sessions for read:user,repo,user:email,workflow...
