2023-10-23 09:26:53.100 [info] ログ レベル: Info
2023-10-23 09:26:53.100 [info] Git の検証が検出されました: "git"
2023-10-23 09:26:53.100 [info] "git" から Git "2.42.0" を使用しています
2023-10-23 09:26:53.100 [info] > git rev-parse --show-toplevel [21ms]
2023-10-23 09:26:53.100 [info] fatal: not a git repository (or any of the parent directories): .git
2023-10-23 09:26:53.100 [info] > git rev-parse --show-toplevel [4ms]
2023-10-23 09:26:53.100 [info] fatal: not a git repository (or any of the parent directories): .git
2023-10-23 09:26:54.033 [info] > git rev-parse --show-toplevel [915ms]
2023-10-23 09:26:54.297 [info] > git rev-parse --git-dir --git-common-dir [206ms]
2023-10-23 09:26:54.313 [info] Open repository: /home/vscode/.nodenv
2023-10-23 09:26:54.391 [info] > git config --get commit.template [37ms]
2023-10-23 09:26:54.420 [info] > git rev-parse --show-toplevel [32ms]
2023-10-23 09:26:54.446 [info] > git rev-parse --git-dir --git-common-dir [3ms]
2023-10-23 09:26:54.451 [info] Open repository: /home/vscode/.oh-my-zsh
2023-10-23 09:26:54.502 [info] > git config --get commit.template [23ms]
2023-10-23 09:26:54.502 [info] > git for-each-ref --format=%(refname)%00%(upstream:short)%00%(objectname)%00%(upstream:track)%00%(upstream:remotename)%00%(upstream:remoteref) refs/heads/master refs/remotes/master [85ms]
2023-10-23 09:26:54.527 [info] > git rev-parse --show-toplevel [27ms]
2023-10-23 09:26:54.527 [info] fatal: not a git repository (or any of the parent directories): .git
2023-10-23 09:26:54.625 [info] > git for-each-ref --format=%(refname)%00%(upstream:short)%00%(objectname)%00%(upstream:track)%00%(upstream:remotename)%00%(upstream:remoteref) refs/heads/master refs/remotes/master [73ms]
2023-10-23 09:26:54.654 [info] > git rev-parse --show-toplevel [79ms]
2023-10-23 09:26:54.654 [info] fatal: not a git repository (or any of the parent directories): .git
2023-10-23 09:26:54.655 [info] > git status -z -uall [130ms]
2023-10-23 09:26:54.724 [info] > git rev-parse --show-toplevel [31ms]
2023-10-23 09:26:54.798 [info] > git rev-parse --git-dir --git-common-dir [49ms]
2023-10-23 09:26:54.807 [info] Open repository: /home/vscode/environment
2023-10-23 09:26:54.813 [info] > git config --get commit.template [90ms]
2023-10-23 09:26:54.846 [info] > git for-each-ref --format=%(refname)%00%(upstream:short)%00%(objectname)%00%(upstream:track)%00%(upstream:remotename)%00%(upstream:remoteref) refs/heads/master refs/remotes/master [59ms]
2023-10-23 09:26:55.026 [info] > git config --get commit.template [183ms]
2023-10-23 09:26:55.062 [info] > git status -z -uall [408ms]
2023-10-23 09:26:55.063 [info] > git status -z -uall [176ms]
2023-10-23 09:26:55.116 [info] No remotes found in the git config file.
2023-10-23 09:26:55.159 [info] > git for-each-ref --format=%(refname)%00%(upstream:short)%00%(objectname)%00%(upstream:track)%00%(upstream:remotename)%00%(upstream:remoteref) refs/heads/main refs/remotes/main [43ms]
2023-10-23 09:26:55.211 [info] > git config --get commit.template [58ms]
2023-10-23 09:26:55.239 [info] > git status -z -uall [38ms]
2023-10-23 09:26:55.350 [info] > git config --get commit.template [56ms]
2023-10-23 09:26:55.351 [info] > git for-each-ref --format=%(refname)%00%(upstream:short)%00%(objectname)%00%(upstream:track)%00%(upstream:remotename)%00%(upstream:remoteref) refs/heads/master refs/remotes/master [80ms]
2023-10-23 09:26:55.656 [info] No remotes found in the git config file.
2023-10-23 09:26:57.504 [info] > git status -z -uall [2125ms]
2023-10-23 09:26:57.504 [info] > git check-ignore -v -z --stdin [1820ms]
2023-10-23 09:26:57.505 [info] > git check-ignore -v -z --stdin [1758ms]
2023-10-23 09:26:57.506 [info] > git check-ignore -v -z --stdin [1710ms]
2023-10-23 09:26:57.507 [info] > git for-each-ref --format=%(refname)%00%(upstream:short)%00%(objectname)%00%(upstream:track)%00%(upstream:remotename)%00%(upstream:remoteref) refs/heads/main refs/remotes/main [1851ms]
2023-10-23 09:26:57.579 [info] > git status -z -uall [35ms]
2023-10-23 09:26:58.716 [info] > git rev-parse --show-toplevel [1084ms]
2023-10-23 09:26:58.716 [info] fatal: not a git repository (or any of the parent directories): .git
2023-10-23 09:27:00.327 [info] > git config --local branch.main.github-pr-owner-number [375ms]
2023-10-23 09:27:00.940 [info] > git config --get commit.template [206ms]
2023-10-23 09:27:00.949 [info] > git rev-parse --show-toplevel [269ms]
2023-10-23 09:27:00.949 [info] fatal: not a git repository (or any of the parent directories): .git
2023-10-23 09:27:01.181 [info] No remotes found in the git config file.
2023-10-23 09:27:01.289 [info] > git for-each-ref --format=%(refname)%00%(upstream:short)%00%(objectname)%00%(upstream:track)%00%(upstream:remotename)%00%(upstream:remoteref) refs/heads/main refs/remotes/main [111ms]
2023-10-23 09:27:01.626 [info] > git status -z -uall [163ms]
2023-10-23 09:27:01.860 [info] > git config --local branch.master.github-pr-owner-number [61ms]
2023-10-23 09:27:02.204 [info] > git config --local branch.master.github-pr-owner-number [353ms]
2023-10-23 09:27:02.435 [info] > git config --get commit.template [241ms]
2023-10-23 09:27:02.557 [info] > git config --get commit.template [126ms]
2023-10-23 09:27:02.560 [info] > git for-each-ref --format=%(refname)%00%(upstream:short)%00%(objectname)%00%(upstream:track)%00%(upstream:remotename)%00%(upstream:remoteref) refs/heads/master refs/remotes/master [86ms]
2023-10-23 09:27:02.677 [info] > git status -z -uall [71ms]
2023-10-23 09:27:02.678 [info] > git for-each-ref --format=%(refname)%00%(upstream:short)%00%(objectname)%00%(upstream:track)%00%(upstream:remotename)%00%(upstream:remoteref) refs/heads/master refs/remotes/master [12ms]
2023-10-23 09:27:02.952 [info] > git status -z -uall [237ms]
2023-10-23 09:31:59.989 [info] > git config --local branch.master.github-pr-owner-number [27ms]
2023-10-23 09:31:59.990 [info] > git config --local branch.main.github-pr-owner-number [57ms]
2023-10-23 09:32:00.048 [info] > git config --local branch.master.github-pr-owner-number [60ms]
2023-10-23 09:32:00.079 [info] > git config --get commit.template [59ms]
2023-10-23 09:32:00.080 [info] > git config --get commit.template [3ms]
2023-10-23 09:32:00.080 [info] > git config --get commit.template [33ms]
2023-10-23 09:32:00.134 [info] No remotes found in the git config file.
2023-10-23 09:32:00.163 [info] > git for-each-ref --format=%(refname)%00%(upstream:short)%00%(objectname)%00%(upstream:track)%00%(upstream:remotename)%00%(upstream:remoteref) refs/heads/master refs/remotes/master [56ms]
2023-10-23 09:32:00.192 [info] > git for-each-ref --format=%(refname)%00%(upstream:short)%00%(objectname)%00%(upstream:track)%00%(upstream:remotename)%00%(upstream:remoteref) refs/heads/master refs/remotes/master [31ms]
2023-10-23 09:32:00.227 [info] > git for-each-ref --format=%(refname)%00%(upstream:short)%00%(objectname)%00%(upstream:track)%00%(upstream:remotename)%00%(upstream:remoteref) refs/heads/main refs/remotes/main [94ms]
2023-10-23 09:32:00.269 [info] > git status -z -uall [79ms]
2023-10-23 09:32:00.269 [info] > git status -z -uall [42ms]
2023-10-23 09:32:00.275 [info] > git status -z -uall [7ms]
2023-10-23 09:37:00.407 [info] > git config --local branch.master.github-pr-owner-number [30ms]
2023-10-23 09:37:00.408 [info] > git config --local branch.master.github-pr-owner-number [92ms]
2023-10-23 09:37:00.465 [info] > git config --local branch.main.github-pr-owner-number [59ms]
2023-10-23 09:37:00.498 [info] > git config --get commit.template [35ms]
2023-10-23 09:37:00.498 [info] > git config --get commit.template [62ms]
2023-10-23 09:37:00.591 [info] No remotes found in the git config file.
2023-10-23 09:37:00.592 [info] > git config --get commit.template [95ms]
2023-10-23 09:37:00.592 [info] > git for-each-ref --format=%(refname)%00%(upstream:short)%00%(objectname)%00%(upstream:track)%00%(upstream:remotename)%00%(upstream:remoteref) refs/heads/master refs/remotes/master [60ms]
2023-10-23 09:37:00.620 [info] > git for-each-ref --format=%(refname)%00%(upstream:short)%00%(objectname)%00%(upstream:track)%00%(upstream:remotename)%00%(upstream:remoteref) refs/heads/main refs/remotes/main [29ms]
2023-10-23 09:37:00.657 [info] > git for-each-ref --format=%(refname)%00%(upstream:short)%00%(objectname)%00%(upstream:track)%00%(upstream:remotename)%00%(upstream:remoteref) refs/heads/master refs/remotes/master [93ms]
2023-10-23 09:37:00.696 [info] > git status -z -uall [78ms]
2023-10-23 09:37:00.696 [info] > git status -z -uall [39ms]
2023-10-23 09:37:00.702 [info] > git status -z -uall [7ms]
2023-10-23 09:42:00.783 [info] > git config --local branch.master.github-pr-owner-number [27ms]
2023-10-23 09:42:00.784 [info] > git config --local branch.main.github-pr-owner-number [55ms]
2023-10-23 09:42:00.840 [info] > git config --local branch.master.github-pr-owner-number [57ms]
2023-10-23 09:42:00.871 [info] > git config --get commit.template [34ms]
2023-10-23 09:42:00.872 [info] > git config --get commit.template [60ms]
2023-10-23 09:42:00.873 [info] > git config --get commit.template [3ms]
2023-10-23 09:42:00.926 [info] No remotes found in the git config file.
2023-10-23 09:42:00.952 [info] > git for-each-ref --format=%(refname)%00%(upstream:short)%00%(objectname)%00%(upstream:track)%00%(upstream:remotename)%00%(upstream:remoteref) refs/heads/master refs/remotes/master [53ms]
2023-10-23 09:42:00.980 [info] > git for-each-ref --format=%(refname)%00%(upstream:short)%00%(objectname)%00%(upstream:track)%00%(upstream:remotename)%00%(upstream:remoteref) refs/heads/master refs/remotes/master [28ms]
2023-10-23 09:42:01.014 [info] > git for-each-ref --format=%(refname)%00%(upstream:short)%00%(objectname)%00%(upstream:track)%00%(upstream:remotename)%00%(upstream:remoteref) refs/heads/main refs/remotes/main [89ms]
2023-10-23 09:42:01.058 [info] > git status -z -uall [79ms]
2023-10-23 09:42:01.061 [info] > git status -z -uall [47ms]
2023-10-23 09:42:01.061 [info] > git status -z -uall [4ms]
2023-10-23 09:47:01.153 [info] > git config --local branch.master.github-pr-owner-number [31ms]
2023-10-23 09:47:01.154 [info] > git config --local branch.master.github-pr-owner-number [61ms]
2023-10-23 09:47:01.181 [info] > git config --local branch.main.github-pr-owner-number [31ms]
2023-10-23 09:47:01.241 [info] > git config --get commit.template [32ms]
2023-10-23 09:47:01.241 [info] > git config --get commit.template [61ms]
2023-10-23 09:47:01.322 [info] No remotes found in the git config file.
2023-10-23 09:47:01.323 [info] > git config --get commit.template [83ms]
2023-10-23 09:47:01.323 [info] > git for-each-ref --format=%(refname)%00%(upstream:short)%00%(objectname)%00%(upstream:track)%00%(upstream:remotename)%00%(upstream:remoteref) refs/heads/master refs/remotes/master [29ms]
2023-10-23 09:47:01.351 [info] > git for-each-ref --format=%(refname)%00%(upstream:short)%00%(objectname)%00%(upstream:track)%00%(upstream:remotename)%00%(upstream:remoteref) refs/heads/master refs/remotes/master [83ms]
2023-10-23 09:47:01.384 [info] > git status -z -uall [33ms]
2023-10-23 09:47:01.387 [info] > git for-each-ref --format=%(refname)%00%(upstream:short)%00%(objectname)%00%(upstream:track)%00%(upstream:remotename)%00%(upstream:remoteref) refs/heads/main refs/remotes/main [64ms]
2023-10-23 09:47:01.472 [info] > git status -z -uall [89ms]
2023-10-23 09:47:01.474 [info] > git status -z -uall [6ms]
2023-10-23 09:50:44.993 [info] > git rev-parse --show-toplevel [2ms]
2023-10-23 09:50:44.993 [info] fatal: not a git repository (or any of the parent directories): .git
2023-10-23 09:51:46.282 [info] > git rev-parse --show-toplevel [1ms]
2023-10-23 09:51:46.282 [info] fatal: not a git repository (or any of the parent directories): .git
2023-10-23 09:52:01.419 [info] > git config --local branch.master.github-pr-owner-number [1ms]
2023-10-23 09:52:01.540 [info] > git config --local branch.master.github-pr-owner-number [29ms]
2023-10-23 09:52:01.541 [info] > git for-each-ref --format=%(refname)%00%(upstream:short)%00%(objectname)%00%(upstream:track)%00%(upstream:remotename)%00%(upstream:remoteref) refs/heads/master refs/remotes/master [59ms]
2023-10-23 09:52:01.542 [info] > git config --get commit.template [93ms]
2023-10-23 09:52:01.606 [info] > git status -z -uall [33ms]
2023-10-23 09:52:01.606 [info] > git config --local branch.main.github-pr-owner-number [67ms]
2023-10-23 09:52:01.641 [info] > git config --get commit.template [3ms]
2023-10-23 09:52:01.641 [info] > git config --get commit.template [35ms]
2023-10-23 09:52:01.705 [info] No remotes found in the git config file.
2023-10-23 09:52:01.707 [info] > git for-each-ref --format=%(refname)%00%(upstream:short)%00%(objectname)%00%(upstream:track)%00%(upstream:remotename)%00%(upstream:remoteref) refs/heads/master refs/remotes/master [34ms]
2023-10-23 09:52:01.739 [info] > git for-each-ref --format=%(refname)%00%(upstream:short)%00%(objectname)%00%(upstream:track)%00%(upstream:remotename)%00%(upstream:remoteref) refs/heads/main refs/remotes/main [34ms]
2023-10-23 09:52:01.781 [info] > git status -z -uall [4ms]
2023-10-23 09:52:01.801 [info] > git status -z -uall [62ms]
2023-10-23 09:57:01.670 [info] > git config --local branch.master.github-pr-owner-number [2ms]
2023-10-23 09:57:01.726 [info] > git config --get commit.template [29ms]
2023-10-23 09:57:01.727 [info] > git for-each-ref --format=%(refname)%00%(upstream:short)%00%(objectname)%00%(upstream:track)%00%(upstream:remotename)%00%(upstream:remoteref) refs/heads/master refs/remotes/master [2ms]
2023-10-23 09:57:01.760 [info] > git status -z -uall [4ms]
2023-10-23 09:57:01.838 [info] > git config --local branch.main.github-pr-owner-number [29ms]
2023-10-23 09:57:01.866 [info] > git config --local branch.master.github-pr-owner-number [28ms]
2023-10-23 09:57:01.896 [info] > git config --get commit.template [31ms]
2023-10-23 09:57:01.897 [info] > git config --get commit.template [4ms]
2023-10-23 09:57:01.926 [info] No remotes found in the git config file.
2023-10-23 09:57:01.954 [info] > git for-each-ref --format=%(refname)%00%(upstream:short)%00%(objectname)%00%(upstream:track)%00%(upstream:remotename)%00%(upstream:remoteref) refs/heads/main refs/remotes/main [28ms]
2023-10-23 09:57:01.983 [info] > git status -z -uall [4ms]
2023-10-23 09:57:01.984 [info] > git for-each-ref --format=%(refname)%00%(upstream:short)%00%(objectname)%00%(upstream:track)%00%(upstream:remotename)%00%(upstream:remoteref) refs/heads/master refs/remotes/master [31ms]
2023-10-23 09:57:02.057 [info] > git status -z -uall [44ms]
2023-10-23 10:02:01.793 [info] > git config --local branch.master.github-pr-owner-number [2ms]
2023-10-23 10:02:01.848 [info] > git config --get commit.template [28ms]
2023-10-23 10:02:01.849 [info] > git for-each-ref --format=%(refname)%00%(upstream:short)%00%(objectname)%00%(upstream:track)%00%(upstream:remotename)%00%(upstream:remoteref) refs/heads/master refs/remotes/master [2ms]
2023-10-23 10:02:01.880 [info] > git status -z -uall [4ms]
2023-10-23 10:02:02.025 [info] > git config --local branch.main.github-pr-owner-number [2ms]
2023-10-23 10:02:02.084 [info] No remotes found in the git config file.
2023-10-23 10:02:02.112 [info] > git for-each-ref --format=%(refname)%00%(upstream:short)%00%(objectname)%00%(upstream:track)%00%(upstream:remotename)%00%(upstream:remoteref) refs/heads/main refs/remotes/main [28ms]
2023-10-23 10:02:02.113 [info] > git config --get commit.template [58ms]
2023-10-23 10:02:02.141 [info] > git config --local branch.master.github-pr-owner-number [29ms]
2023-10-23 10:02:02.169 [info] > git status -z -uall [29ms]
2023-10-23 10:02:02.171 [info] > git config --get commit.template [2ms]
2023-10-23 10:02:02.202 [info] > git for-each-ref --format=%(refname)%00%(upstream:short)%00%(objectname)%00%(upstream:track)%00%(upstream:remotename)%00%(upstream:remoteref) refs/heads/master refs/remotes/master [1ms]
2023-10-23 10:02:02.274 [info] > git status -z -uall [46ms]
2023-10-23 10:07:01.916 [info] > git config --local branch.master.github-pr-owner-number [2ms]
2023-10-23 10:07:01.985 [info] > git config --get commit.template [36ms]
2023-10-23 10:07:02.034 [info] > git for-each-ref --format=%(refname)%00%(upstream:short)%00%(objectname)%00%(upstream:track)%00%(upstream:remotename)%00%(upstream:remoteref) refs/heads/master refs/remotes/master [50ms]
2023-10-23 10:07:02.093 [info] > git status -z -uall [14ms]
2023-10-23 10:07:02.202 [info] > git config --local branch.main.github-pr-owner-number [2ms]
2023-10-23 10:07:02.236 [info] > git config --get commit.template [2ms]
2023-10-23 10:07:02.263 [info] No remotes found in the git config file.
2023-10-23 10:07:02.265 [info] > git for-each-ref --format=%(refname)%00%(upstream:short)%00%(objectname)%00%(upstream:track)%00%(upstream:remotename)%00%(upstream:remoteref) refs/heads/main refs/remotes/main [2ms]
2023-10-23 10:07:02.319 [info] > git status -z -uall [28ms]
2023-10-23 10:07:02.321 [info] > git config --local branch.master.github-pr-owner-number [3ms]
2023-10-23 10:07:02.375 [info] > git config --get commit.template [26ms]
2023-10-23 10:07:02.377 [info] > git for-each-ref --format=%(refname)%00%(upstream:short)%00%(objectname)%00%(upstream:track)%00%(upstream:remotename)%00%(upstream:remoteref) refs/heads/master refs/remotes/master [2ms]
2023-10-23 10:07:02.449 [info] > git status -z -uall [45ms]
