2023-10-23 09:26:49.437 [info] Reading sessions from keychain...
2023-10-23 09:26:49.437 [info] Getting sessions for all scopes...
2023-10-23 09:26:49.437 [info] Getting sessions for user:email...
2023-10-23 09:26:49.474 [info] Got stored sessions!
2023-10-23 09:26:49.475 [info] Got 6 verified sessions.
2023-10-23 09:26:49.476 [info] Got 6 sessions for ...
2023-10-23 09:26:49.476 [info] Got 1 sessions for user:email...
2023-10-23 09:26:49.478 [info] Getting sessions for all scopes...
2023-10-23 09:26:49.478 [info] Got 6 sessions for ...
2023-10-23 09:26:50.408 [info] Getting sessions for codespace,read:user,repo,user:email...
2023-10-23 09:26:50.408 [info] Getting sessions for all scopes...
2023-10-23 09:26:50.409 [info] Got 1 sessions for codespace,read:user,repo,user:email...
2023-10-23 09:26:50.410 [info] Got 6 sessions for ...
2023-10-23 09:26:50.656 [info] Getting sessions for all scopes...
2023-10-23 09:26:50.657 [info] Got 6 sessions for ...
2023-10-23 09:26:52.914 [info] Getting sessions for all scopes...
2023-10-23 09:26:52.914 [info] Got 6 sessions for ...
2023-10-23 09:26:53.119 [info] Getting sessions for all scopes...
2023-10-23 09:26:53.120 [info] Got 6 sessions for ...
2023-10-23 09:26:54.092 [info] Getting sessions for all scopes...
2023-10-23 09:26:54.093 [info] Got 6 sessions for ...
2023-10-23 09:26:54.901 [info] Getting sessions for read:user...
2023-10-23 09:26:54.901 [info] Getting sessions for all scopes...
2023-10-23 09:26:54.902 [info] Got 1 sessions for read:user...
2023-10-23 09:26:54.902 [info] Got 6 sessions for ...
2023-10-23 09:26:55.207 [info] Getting sessions for user:email...
2023-10-23 09:26:55.207 [info] Got 1 sessions for user:email...
2023-10-23 09:26:55.296 [info] Getting sessions for read:user,repo,user:email,workflow...
2023-10-23 09:26:55.296 [info] Got 1 sessions for read:user,repo,user:email,workflow...
2023-10-23 09:26:55.426 [info] Getting sessions for read:user,repo,user:email,workflow...
2023-10-23 09:26:55.426 [info] Got 1 sessions for read:user,repo,user:email,workflow...
2023-10-23 09:27:04.070 [info] Getting sessions for read:user,repo,user:email,workflow...
2023-10-23 09:27:04.072 [info] Got 1 sessions for read:user,repo,user:email,workflow...
